Build started 28/11/2019 18:26:12.
     1>Project "C:\Users\grigo\Desktop\BSc Games Programming\Year 1\Magical-Drop-2\CPP-SFMLTemplate\CPP-SFMLTemplate.vcxproj" on node 2 (Build target(s)).
     1>ClCompile:
         C:\Program Files (x86)\Microsoft Visual Studio 11.0\VC\bin\CL.exe /c /I"C:\SFML v2.4.0 (Win32 - Visual Studio 2012)\include" /Zi /nologo /W3 /WX- /O2 /Oi /Oy- /GL /D WIN32 /D NDEBUG /D _CONSOLE /D _UNICODE /D UNICODE /Gm- /EHsc /MD /GS /Gy /fp:precise /Zc:wchar_t /Zc:forScope /Fo"Release\\" /Fd"Release\vc110.pdb" /Gd /TP /analyze- /errorReport:prompt main.cpp
         main.cpp
     1>c:\users\grigo\desktop\bsc games programming\year 1\magical-drop-2\cpp-sfmltemplate\ZeoFlow_SFML.h(62): warning C4244: 'argument' : conversion from 'double' to 'float', possible loss of data
     1>c:\users\grigo\desktop\bsc games programming\year 1\magical-drop-2\cpp-sfmltemplate\ZeoFlow_SFML.h(81): warning C4244: 'argument' : conversion from 'int' to 'float', possible loss of data
     1>c:\users\grigo\desktop\bsc games programming\year 1\magical-drop-2\cpp-sfmltemplate\MD2.h(74): warning C4244: 'argument' : conversion from 'int' to 'float', possible loss of data
     1>c:\users\grigo\desktop\bsc games programming\year 1\magical-drop-2\cpp-sfmltemplate\MD2.h(98): warning C4244: 'argument' : conversion from 'int' to 'float', possible loss of data
     1>c:\users\grigo\desktop\bsc games programming\year 1\magical-drop-2\cpp-sfmltemplate\MD2.h(101): warning C4244: 'argument' : conversion from 'float' to 'int', possible loss of data
     1>c:\users\grigo\desktop\bsc games programming\year 1\magical-drop-2\cpp-sfmltemplate\MD2.h(101): warning C4244: 'argument' : conversion from 'const float' to 'int', possible loss of data
     1>c:\users\grigo\desktop\bsc games programming\year 1\magical-drop-2\cpp-sfmltemplate\MD2.h(104): warning C4244: 'argument' : conversion from 'int' to 'float', possible loss of data
     1>c:\users\grigo\desktop\bsc games programming\year 1\magical-drop-2\cpp-sfmltemplate\MD2.h(105): warning C4244: 'argument' : conversion from 'int' to 'float', possible loss of data
     1>c:\users\grigo\desktop\bsc games programming\year 1\magical-drop-2\cpp-sfmltemplate\MD2.h(108): warning C4244: 'argument' : conversion from 'int' to 'float', possible loss of data
     1>c:\users\grigo\desktop\bsc games programming\year 1\magical-drop-2\cpp-sfmltemplate\MD2.h(109): warning C4244: 'argument' : conversion from 'int' to 'float', possible loss of data
     1>c:\users\grigo\desktop\bsc games programming\year 1\magical-drop-2\cpp-sfmltemplate\MD2.h(123): warning C4244: 'argument' : conversion from 'float' to 'int', possible loss of data
     1>c:\users\grigo\desktop\bsc games programming\year 1\magical-drop-2\cpp-sfmltemplate\MD2.h(123): warning C4244: 'argument' : conversion from 'const float' to 'int', possible loss of data
     1>c:\users\grigo\desktop\bsc games programming\year 1\magical-drop-2\cpp-sfmltemplate\MD2.h(136): warning C4244: 'argument' : conversion from 'float' to 'int', possible loss of data
     1>c:\users\grigo\desktop\bsc games programming\year 1\magical-drop-2\cpp-sfmltemplate\MD2.h(136): warning C4244: 'argument' : conversion from 'const float' to 'int', possible loss of data
     1>main.cpp(51): warning C4244: 'argument' : conversion from 'time_t' to 'unsigned int', possible loss of data
     1>main.cpp(92): warning C4244: 'argument' : conversion from 'time_t' to 'unsigned int', possible loss of data
     1>main.cpp(134): warning C4244: 'argument' : conversion from 'int' to 'float', possible loss of data
     1>main.cpp(134): warning C4244: 'argument' : conversion from 'unsigned int' to 'float', possible loss of data
     1>main.cpp(137): warning C4305: 'argument' : truncation from 'double' to 'float'
     1>main.cpp(140): warning C4305: 'argument' : truncation from 'double' to 'float'
     1>main.cpp(150): warning C4244: 'argument' : conversion from 'int' to 'float', possible loss of data
     1>main.cpp(150): warning C4244: 'argument' : conversion from 'unsigned int' to 'float', possible loss of data
     1>main.cpp(153): warning C4305: 'argument' : truncation from 'double' to 'float'
     1>main.cpp(156): warning C4305: 'argument' : truncation from 'double' to 'float'
     1>main.cpp(166): warning C4244: 'argument' : conversion from 'int' to 'float', possible loss of data
     1>main.cpp(166): warning C4244: 'argument' : conversion from 'unsigned int' to 'float', possible loss of data
     1>main.cpp(169): warning C4305: 'argument' : truncation from 'double' to 'float'
     1>main.cpp(172): warning C4305: 'argument' : truncation from 'double' to 'float'
     1>main.cpp(182): warning C4244: 'argument' : conversion from 'int' to 'float', possible loss of data
     1>main.cpp(182): warning C4244: 'argument' : conversion from 'unsigned int' to 'float', possible loss of data
     1>main.cpp(185): warning C4305: 'argument' : truncation from 'double' to 'float'
     1>main.cpp(188): warning C4305: 'argument' : truncation from 'double' to 'float'
     1>main.cpp(198): warning C4244: 'argument' : conversion from 'int' to 'float', possible loss of data
     1>main.cpp(198): warning C4244: 'argument' : conversion from 'unsigned int' to 'float', possible loss of data
     1>main.cpp(201): warning C4305: 'argument' : truncation from 'double' to 'float'
     1>main.cpp(204): warning C4305: 'argument' : truncation from 'double' to 'float'
     1>main.cpp(218): warning C4244: 'argument' : conversion from 'time_t' to 'unsigned int', possible loss of data
     1>main.cpp(227): warning C4244: 'argument' : conversion from 'int' to 'float', possible loss of data
     1>main.cpp(227): warning C4244: 'argument' : conversion from 'unsigned int' to 'float', possible loss of data
     1>main.cpp(238): warning C4305: 'argument' : truncation from 'double' to 'float'
     1>main.cpp(248): warning C4305: 'argument' : truncation from 'double' to 'float'
     1>main.cpp(249): warning C4244: 'argument' : conversion from 'int' to 'float', possible loss of data
     1>main.cpp(249): warning C4244: 'argument' : conversion from 'unsigned int' to 'float', possible loss of data
     1>main.cpp(250): warning C4244: 'argument' : conversion from 'int' to 'float', possible loss of data
     1>main.cpp(250): warning C4244: 'argument' : conversion from 'unsigned int' to 'float', possible loss of data
     1>main.cpp(254): warning C4244: 'argument' : conversion from 'int' to 'float', possible loss of data
     1>main.cpp(254): warning C4244: 'argument' : conversion from 'unsigned int' to 'float', possible loss of data
     1>main.cpp(472): warning C4305: 'argument' : truncation from 'double' to 'float'
     1>main.cpp(476): warning C4305: 'argument' : truncation from 'double' to 'float'
     1>main.cpp(480): warning C4305: 'argument' : truncation from 'double' to 'float'
     1>main.cpp(484): warning C4305: 'argument' : truncation from 'double' to 'float'
     1>main.cpp(488): warning C4305: 'argument' : truncation from 'double' to 'float'
     1>main.cpp(492): warning C4305: 'argument' : truncation from 'double' to 'float'
     1>main.cpp(496): warning C4305: 'argument' : truncation from 'double' to 'float'
     1>main.cpp(500): warning C4305: 'argument' : truncation from 'double' to 'float'
     1>main.cpp(504): warning C4305: 'argument' : truncation from 'double' to 'float'
     1>main.cpp(509): warning C4305: 'argument' : truncation from 'double' to 'float'
     1>main.cpp(566): warning C4244: 'argument' : conversion from 'float' to 'int', possible loss of data
     1>main.cpp(566): warning C4244: 'argument' : conversion from 'const float' to 'int', possible loss of data
     1>main.cpp(609): warning C4244: 'argument' : conversion from 'float' to 'int', possible loss of data
     1>main.cpp(609): warning C4244: 'argument' : conversion from 'const float' to 'int', possible loss of data
     1>main.cpp(660): warning C4244: 'argument' : conversion from 'int' to 'float', possible loss of data
     1>main.cpp(664): warning C4244: 'argument' : conversion from 'int' to 'float', possible loss of data
     1>main.cpp(669): warning C4244: 'argument' : conversion from 'int' to 'float', possible loss of data
     1>main.cpp(673): warning C4244: 'argument' : conversion from 'int' to 'float', possible loss of data
     1>main.cpp(682): warning C4244: 'argument' : conversion from 'unsigned int' to 'float', possible loss of data
     1>main.cpp(689): warning C4244: 'argument' : conversion from 'unsigned int' to 'float', possible loss of data
     1>main.cpp(696): warning C4244: 'argument' : conversion from 'unsigned int' to 'float', possible loss of data
     1>main.cpp(710): warning C4244: 'argument' : conversion from 'unsigned int' to 'float', possible loss of data
     1>main.cpp(724): warning C4244: 'argument' : conversion from 'unsigned int' to 'float', possible loss of data
     1>main.cpp(739): warning C4244: 'argument' : conversion from 'unsigned int' to 'float', possible loss of data
     1>main.cpp(746): warning C4244: 'argument' : conversion from 'unsigned int' to 'float', possible loss of data
     1>main.cpp(753): warning C4244: 'argument' : conversion from 'unsigned int' to 'float', possible loss of data
     1>main.cpp(767): warning C4244: 'argument' : conversion from 'unsigned int' to 'float', possible loss of data
     1>main.cpp(815): warning C4244: 'argument' : conversion from 'int' to 'float', possible loss of data
     1>main.cpp(835): warning C4244: 'argument' : conversion from 'int' to 'float', possible loss of data
     1>main.cpp(839): warning C4244: 'argument' : conversion from 'int' to 'float', possible loss of data
     1>main.cpp(844): warning C4244: 'argument' : conversion from 'int' to 'float', possible loss of data
     1>main.cpp(848): warning C4244: 'argument' : conversion from 'int' to 'float', possible loss of data
     1>main.cpp(875): warning C4244: 'argument' : conversion from 'int' to 'float', possible loss of data
     1>main.cpp(875): warning C4244: 'argument' : conversion from 'unsigned int' to 'float', possible loss of data
     1>main.cpp(883): warning C4244: 'argument' : conversion from 'unsigned int' to 'float', possible loss of data
     1>main.cpp(890): warning C4244: 'argument' : conversion from 'unsigned int' to 'float', possible loss of data
     1>main.cpp(897): warning C4244: 'argument' : conversion from 'unsigned int' to 'float', possible loss of data
     1>main.cpp(922): warning C4244: 'argument' : conversion from 'unsigned int' to 'float', possible loss of data
     1>main.cpp(927): warning C4244: 'argument' : conversion from 'unsigned int' to 'float', possible loss of data
     1>main.cpp(930): warning C4244: 'argument' : conversion from 'float' to 'int', possible loss of data
     1>main.cpp(930): warning C4244: 'argument' : conversion from 'const float' to 'int', possible loss of data
     1>main.cpp(1006): warning C4244: 'argument' : conversion from 'unsigned int' to 'float', possible loss of data
     1>main.cpp(1018): warning C4244: 'argument' : conversion from 'unsigned int' to 'float', possible loss of data
     1>main.cpp(1035): warning C4244: 'argument' : conversion from 'unsigned int' to 'float', possible loss of data
     1>main.cpp(1040): warning C4244: 'argument' : conversion from 'unsigned int' to 'float', possible loss of data
     1>main.cpp(1043): warning C4244: 'argument' : conversion from 'float' to 'int', possible loss of data
     1>main.cpp(1043): warning C4244: 'argument' : conversion from 'const float' to 'int', possible loss of data
     1>main.cpp(1062): warning C4244: 'argument' : conversion from 'int' to 'float', possible loss of data
     1>main.cpp(1063): warning C4244: 'initializing' : conversion from 'float' to 'int', possible loss of data
     1>main.cpp(1064): warning C4244: 'initializing' : conversion from 'float' to 'int', possible loss of data
     1>main.cpp(1065): warning C4244: 'argument' : conversion from 'int' to 'float', possible loss of data
     1>main.cpp(1066): warning C4305: 'argument' : truncation from 'double' to 'float'
     1>main.cpp(1074): warning C4244: 'argument' : conversion from 'int' to 'float', possible loss of data
     1>main.cpp(1081): warning C4244: 'argument' : conversion from 'int' to 'float', possible loss of data
     1>main.cpp(1082): warning C4244: 'initializing' : conversion from 'float' to 'int', possible loss of data
     1>main.cpp(1083): warning C4244: 'initializing' : conversion from 'float' to 'int', possible loss of data
     1>main.cpp(1084): warning C4244: 'argument' : conversion from 'int' to 'float', possible loss of data
     1>main.cpp(1085): warning C4305: 'argument' : truncation from 'double' to 'float'
     1>main.cpp(1093): warning C4244: 'argument' : conversion from 'int' to 'float', possible loss of data
     1>main.cpp(1100): warning C4244: 'argument' : conversion from 'int' to 'float', possible loss of data
     1>main.cpp(1101): warning C4244: 'initializing' : conversion from 'float' to 'int', possible loss of data
     1>main.cpp(1102): warning C4244: 'initializing' : conversion from 'float' to 'int', possible loss of data
     1>main.cpp(1103): warning C4244: 'argument' : conversion from 'int' to 'float', possible loss of data
     1>main.cpp(1104): warning C4305: 'argument' : truncation from 'double' to 'float'
     1>main.cpp(1112): warning C4244: 'argument' : conversion from 'int' to 'float', possible loss of data
     1>main.cpp(1119): warning C4244: 'argument' : conversion from 'int' to 'float', possible loss of data
     1>main.cpp(1120): warning C4244: 'initializing' : conversion from 'float' to 'int', possible loss of data
     1>main.cpp(1121): warning C4244: 'initializing' : conversion from 'float' to 'int', possible loss of data
     1>main.cpp(1122): warning C4244: 'argument' : conversion from 'int' to 'float', possible loss of data
     1>main.cpp(1123): warning C4305: 'argument' : truncation from 'double' to 'float'
     1>main.cpp(1131): warning C4244: 'argument' : conversion from 'int' to 'float', possible loss of data
     1>main.cpp(1138): warning C4244: 'argument' : conversion from 'int' to 'float', possible loss of data
     1>main.cpp(1139): warning C4244: 'initializing' : conversion from 'float' to 'int', possible loss of data
     1>main.cpp(1140): warning C4244: 'initializing' : conversion from 'float' to 'int', possible loss of data
     1>main.cpp(1141): warning C4244: 'argument' : conversion from 'int' to 'float', possible loss of data
     1>main.cpp(1142): warning C4305: 'argument' : truncation from 'double' to 'float'
     1>main.cpp(1150): warning C4244: 'argument' : conversion from 'int' to 'float', possible loss of data
     1>main.cpp(1179): warning C4305: 'argument' : truncation from 'double' to 'float'
     1>main.cpp(1263): warning C4244: 'argument' : conversion from 'unsigned int' to 'float', possible loss of data
     1>main.cpp(1341): warning C4305: 'argument' : truncation from 'double' to 'float'
     1>main.cpp(1422): warning C4244: 'argument' : conversion from 'int' to 'float', possible loss of data
     1>main.cpp(1423): warning C4244: 'argument' : conversion from 'unsigned int' to 'float', possible loss of data
     1>main.cpp(1431): warning C4244: 'argument' : conversion from 'int' to 'float', possible loss of data
     1>main.cpp(1431): warning C4244: 'argument' : conversion from 'unsigned int' to 'float', possible loss of data
     1>main.cpp(1462): warning C4305: 'argument' : truncation from 'double' to 'float'
     1>main.cpp(1463): warning C4244: 'argument' : conversion from 'int' to 'float', possible loss of data
     1>main.cpp(1463): warning C4244: 'argument' : conversion from 'unsigned int' to 'float', possible loss of data
     1>main.cpp(1465): warning C4305: 'argument' : truncation from 'double' to 'float'
     1>main.cpp(1466): warning C4244: 'argument' : conversion from 'int' to 'float', possible loss of data
     1>main.cpp(1466): warning C4244: 'argument' : conversion from 'unsigned int' to 'float', possible loss of data
     1>main.cpp(1471): warning C4244: 'argument' : conversion from 'unsigned int' to 'float', possible loss of data
     1>main.cpp(1477): warning C4244: 'argument' : conversion from 'unsigned int' to 'float', possible loss of data
       Link:
         C:\Program Files (x86)\Microsoft Visual Studio 11.0\VC\bin\link.exe /ERRORREPORT:PROMPT /OUT:"C:\Users\grigo\Desktop\BSc Games Programming\Year 1\Magical-Drop-2\Release\CPP-SFMLTemplate.exe" /INCREMENTAL:NO /NOLOGO /LIBPATH:"C:\SFML v2.4.0 (Win32 - Visual Studio 2012)\lib" "sfml-system.lib" "sfml-graphics.lib" "sfml-audio.lib" "sfml-network.lib" "sfml-window.lib" kernel32.lib user32.lib gdi32.lib winspool.lib comdlg32.lib advapi32.lib shell32.lib ole32.lib oleaut32.lib uuid.lib odbc32.lib odbccp32.lib kernel32.lib user32.lib gdi32.lib winspool.lib comdlg32.lib advapi32.lib shell32.lib ole32.lib oleaut32.lib uuid.lib odbc32.lib odbccp32.lib /MANIFEST /MANIFESTUAC:"level='asInvoker' uiAccess='false'" /manifest:embed /DEBUG /PDB:"C:\Users\grigo\Desktop\BSc Games Programming\Year 1\Magical-Drop-2\Release\CPP-SFMLTemplate.pdb" /SUBSYSTEM:CONSOLE /OPT:REF /OPT:ICF /LTCG /TLBID:1 /DYNAMICBASE /NXCOMPAT /IMPLIB:"C:\Users\grigo\Desktop\BSc Games Programming\Year 1\Magical-Drop-2\Release\CPP-SFMLTemplate.lib" /MACHINE:X86 /SAFESEH Release\main.obj
         Generating code
         Finished generating code
         CPP-SFMLTemplate.vcxproj -> C:\Users\grigo\Desktop\BSc Games Programming\Year 1\Magical-Drop-2\Release\CPP-SFMLTemplate.exe
     1>Done Building Project "C:\Users\grigo\Desktop\BSc Games Programming\Year 1\Magical-Drop-2\CPP-SFMLTemplate\CPP-SFMLTemplate.vcxproj" (Build target(s)).

Build succeeded.

Time Elapsed 00:00:04.27
