Build started 28/11/2019 18:59:29.
     1>Project "C:\Users\grigo\Desktop\BSc Games Programming\Year 1\Magical-Drop-2\CPP-SFMLTemplate\CPP-SFMLTemplate.vcxproj" on node 2 (Build target(s)).
     1>ClCompile:
         C:\Program Files (x86)\Microsoft Visual Studio 11.0\VC\bin\CL.exe /c /I"C:\SFML v2.4.0 (Win32 - Visual Studio 2012)\include" /ZI /nologo /W3 /WX- /Od /Oy- /D WIN32 /D _DEBUG /D _CONSOLE /D _UNICODE /D UNICODE /Gm /EHsc /RTC1 /MDd /GS /fp:precise /Zc:wchar_t /Zc:forScope /Fo"Debug\\" /Fd"Debug\vc110.pdb" /Gd /TP /analyze- /errorReport:prompt main.cpp
         main.cpp
     1>c:\users\grigo\desktop\bsc games programming\year 1\magical-drop-2\cpp-sfmltemplate\zeoflow_sfml.h(62): warning C4244: 'argument' : conversion from 'double' to 'float', possible loss of data
     1>c:\users\grigo\desktop\bsc games programming\year 1\magical-drop-2\cpp-sfmltemplate\zeoflow_sfml.h(81): warning C4244: 'argument' : conversion from 'int' to 'float', possible loss of data
     1>c:\users\grigo\desktop\bsc games programming\year 1\magical-drop-2\cpp-sfmltemplate\md2.h(74): warning C4244: 'argument' : conversion from 'int' to 'float', possible loss of data
     1>c:\users\grigo\desktop\bsc games programming\year 1\magical-drop-2\cpp-sfmltemplate\md2.h(98): warning C4244: 'argument' : conversion from 'int' to 'float', possible loss of data
     1>c:\users\grigo\desktop\bsc games programming\year 1\magical-drop-2\cpp-sfmltemplate\md2.h(101): warning C4244: 'argument' : conversion from 'float' to 'int', possible loss of data
     1>c:\users\grigo\desktop\bsc games programming\year 1\magical-drop-2\cpp-sfmltemplate\md2.h(101): warning C4244: 'argument' : conversion from 'const float' to 'int', possible loss of data
     1>c:\users\grigo\desktop\bsc games programming\year 1\magical-drop-2\cpp-sfmltemplate\md2.h(104): warning C4244: 'argument' : conversion from 'int' to 'float', possible loss of data
     1>c:\users\grigo\desktop\bsc games programming\year 1\magical-drop-2\cpp-sfmltemplate\md2.h(105): warning C4244: 'argument' : conversion from 'int' to 'float', possible loss of data
     1>c:\users\grigo\desktop\bsc games programming\year 1\magical-drop-2\cpp-sfmltemplate\md2.h(108): warning C4244: 'argument' : conversion from 'int' to 'float', possible loss of data
     1>c:\users\grigo\desktop\bsc games programming\year 1\magical-drop-2\cpp-sfmltemplate\md2.h(109): warning C4244: 'argument' : conversion from 'int' to 'float', possible loss of data
     1>c:\users\grigo\desktop\bsc games programming\year 1\magical-drop-2\cpp-sfmltemplate\md2.h(123): warning C4244: 'argument' : conversion from 'float' to 'int', possible loss of data
     1>c:\users\grigo\desktop\bsc games programming\year 1\magical-drop-2\cpp-sfmltemplate\md2.h(123): warning C4244: 'argument' : conversion from 'const float' to 'int', possible loss of data
     1>c:\users\grigo\desktop\bsc games programming\year 1\magical-drop-2\cpp-sfmltemplate\md2.h(136): warning C4244: 'argument' : conversion from 'float' to 'int', possible loss of data
     1>c:\users\grigo\desktop\bsc games programming\year 1\magical-drop-2\cpp-sfmltemplate\md2.h(136): warning C4244: 'argument' : conversion from 'const float' to 'int', possible loss of data
     1>c:\users\grigo\desktop\bsc games programming\year 1\magical-drop-2\cpp-sfmltemplate\main.cpp(51): warning C4244: 'argument' : conversion from 'time_t' to 'unsigned int', possible loss of data
     1>c:\users\grigo\desktop\bsc games programming\year 1\magical-drop-2\cpp-sfmltemplate\main.cpp(92): warning C4244: 'argument' : conversion from 'time_t' to 'unsigned int', possible loss of data
     1>c:\users\grigo\desktop\bsc games programming\year 1\magical-drop-2\cpp-sfmltemplate\main.cpp(134): warning C4244: 'argument' : conversion from 'int' to 'float', possible loss of data
     1>c:\users\grigo\desktop\bsc games programming\year 1\magical-drop-2\cpp-sfmltemplate\main.cpp(134): warning C4244: 'argument' : conversion from 'unsigned int' to 'float', possible loss of data
     1>c:\users\grigo\desktop\bsc games programming\year 1\magical-drop-2\cpp-sfmltemplate\main.cpp(137): warning C4305: 'argument' : truncation from 'double' to 'float'
     1>c:\users\grigo\desktop\bsc games programming\year 1\magical-drop-2\cpp-sfmltemplate\main.cpp(140): warning C4305: 'argument' : truncation from 'double' to 'float'
     1>c:\users\grigo\desktop\bsc games programming\year 1\magical-drop-2\cpp-sfmltemplate\main.cpp(150): warning C4244: 'argument' : conversion from 'int' to 'float', possible loss of data
     1>c:\users\grigo\desktop\bsc games programming\year 1\magical-drop-2\cpp-sfmltemplate\main.cpp(150): warning C4244: 'argument' : conversion from 'unsigned int' to 'float', possible loss of data
     1>c:\users\grigo\desktop\bsc games programming\year 1\magical-drop-2\cpp-sfmltemplate\main.cpp(153): warning C4305: 'argument' : truncation from 'double' to 'float'
     1>c:\users\grigo\desktop\bsc games programming\year 1\magical-drop-2\cpp-sfmltemplate\main.cpp(156): warning C4305: 'argument' : truncation from 'double' to 'float'
     1>c:\users\grigo\desktop\bsc games programming\year 1\magical-drop-2\cpp-sfmltemplate\main.cpp(166): warning C4244: 'argument' : conversion from 'int' to 'float', possible loss of data
     1>c:\users\grigo\desktop\bsc games programming\year 1\magical-drop-2\cpp-sfmltemplate\main.cpp(166): warning C4244: 'argument' : conversion from 'unsigned int' to 'float', possible loss of data
     1>c:\users\grigo\desktop\bsc games programming\year 1\magical-drop-2\cpp-sfmltemplate\main.cpp(169): warning C4305: 'argument' : truncation from 'double' to 'float'
     1>c:\users\grigo\desktop\bsc games programming\year 1\magical-drop-2\cpp-sfmltemplate\main.cpp(172): warning C4305: 'argument' : truncation from 'double' to 'float'
     1>c:\users\grigo\desktop\bsc games programming\year 1\magical-drop-2\cpp-sfmltemplate\main.cpp(182): warning C4244: 'argument' : conversion from 'int' to 'float', possible loss of data
     1>c:\users\grigo\desktop\bsc games programming\year 1\magical-drop-2\cpp-sfmltemplate\main.cpp(182): warning C4244: 'argument' : conversion from 'unsigned int' to 'float', possible loss of data
     1>c:\users\grigo\desktop\bsc games programming\year 1\magical-drop-2\cpp-sfmltemplate\main.cpp(185): warning C4305: 'argument' : truncation from 'double' to 'float'
     1>c:\users\grigo\desktop\bsc games programming\year 1\magical-drop-2\cpp-sfmltemplate\main.cpp(188): warning C4305: 'argument' : truncation from 'double' to 'float'
     1>c:\users\grigo\desktop\bsc games programming\year 1\magical-drop-2\cpp-sfmltemplate\main.cpp(198): warning C4244: 'argument' : conversion from 'int' to 'float', possible loss of data
     1>c:\users\grigo\desktop\bsc games programming\year 1\magical-drop-2\cpp-sfmltemplate\main.cpp(198): warning C4244: 'argument' : conversion from 'unsigned int' to 'float', possible loss of data
     1>c:\users\grigo\desktop\bsc games programming\year 1\magical-drop-2\cpp-sfmltemplate\main.cpp(201): warning C4305: 'argument' : truncation from 'double' to 'float'
     1>c:\users\grigo\desktop\bsc games programming\year 1\magical-drop-2\cpp-sfmltemplate\main.cpp(204): warning C4305: 'argument' : truncation from 'double' to 'float'
     1>c:\users\grigo\desktop\bsc games programming\year 1\magical-drop-2\cpp-sfmltemplate\main.cpp(218): warning C4244: 'argument' : conversion from 'time_t' to 'unsigned int', possible loss of data
     1>c:\users\grigo\desktop\bsc games programming\year 1\magical-drop-2\cpp-sfmltemplate\main.cpp(227): warning C4244: 'argument' : conversion from 'int' to 'float', possible loss of data
     1>c:\users\grigo\desktop\bsc games programming\year 1\magical-drop-2\cpp-sfmltemplate\main.cpp(227): warning C4244: 'argument' : conversion from 'unsigned int' to 'float', possible loss of data
     1>c:\users\grigo\desktop\bsc games programming\year 1\magical-drop-2\cpp-sfmltemplate\main.cpp(238): warning C4305: 'argument' : truncation from 'double' to 'float'
     1>c:\users\grigo\desktop\bsc games programming\year 1\magical-drop-2\cpp-sfmltemplate\main.cpp(248): warning C4305: 'argument' : truncation from 'double' to 'float'
     1>c:\users\grigo\desktop\bsc games programming\year 1\magical-drop-2\cpp-sfmltemplate\main.cpp(249): warning C4244: 'argument' : conversion from 'int' to 'float', possible loss of data
     1>c:\users\grigo\desktop\bsc games programming\year 1\magical-drop-2\cpp-sfmltemplate\main.cpp(249): warning C4244: 'argument' : conversion from 'unsigned int' to 'float', possible loss of data
     1>c:\users\grigo\desktop\bsc games programming\year 1\magical-drop-2\cpp-sfmltemplate\main.cpp(250): warning C4244: 'argument' : conversion from 'int' to 'float', possible loss of data
     1>c:\users\grigo\desktop\bsc games programming\year 1\magical-drop-2\cpp-sfmltemplate\main.cpp(250): warning C4244: 'argument' : conversion from 'unsigned int' to 'float', possible loss of data
     1>c:\users\grigo\desktop\bsc games programming\year 1\magical-drop-2\cpp-sfmltemplate\main.cpp(254): warning C4244: 'argument' : conversion from 'int' to 'float', possible loss of data
     1>c:\users\grigo\desktop\bsc games programming\year 1\magical-drop-2\cpp-sfmltemplate\main.cpp(254): warning C4244: 'argument' : conversion from 'unsigned int' to 'float', possible loss of data
     1>c:\users\grigo\desktop\bsc games programming\year 1\magical-drop-2\cpp-sfmltemplate\main.cpp(472): warning C4305: 'argument' : truncation from 'double' to 'float'
     1>c:\users\grigo\desktop\bsc games programming\year 1\magical-drop-2\cpp-sfmltemplate\main.cpp(476): warning C4305: 'argument' : truncation from 'double' to 'float'
     1>c:\users\grigo\desktop\bsc games programming\year 1\magical-drop-2\cpp-sfmltemplate\main.cpp(480): warning C4305: 'argument' : truncation from 'double' to 'float'
     1>c:\users\grigo\desktop\bsc games programming\year 1\magical-drop-2\cpp-sfmltemplate\main.cpp(484): warning C4305: 'argument' : truncation from 'double' to 'float'
     1>c:\users\grigo\desktop\bsc games programming\year 1\magical-drop-2\cpp-sfmltemplate\main.cpp(488): warning C4305: 'argument' : truncation from 'double' to 'float'
     1>c:\users\grigo\desktop\bsc games programming\year 1\magical-drop-2\cpp-sfmltemplate\main.cpp(492): warning C4305: 'argument' : truncation from 'double' to 'float'
     1>c:\users\grigo\desktop\bsc games programming\year 1\magical-drop-2\cpp-sfmltemplate\main.cpp(496): warning C4305: 'argument' : truncation from 'double' to 'float'
     1>c:\users\grigo\desktop\bsc games programming\year 1\magical-drop-2\cpp-sfmltemplate\main.cpp(500): warning C4305: 'argument' : truncation from 'double' to 'float'
     1>c:\users\grigo\desktop\bsc games programming\year 1\magical-drop-2\cpp-sfmltemplate\main.cpp(504): warning C4305: 'argument' : truncation from 'double' to 'float'
     1>c:\users\grigo\desktop\bsc games programming\year 1\magical-drop-2\cpp-sfmltemplate\main.cpp(509): warning C4305: 'argument' : truncation from 'double' to 'float'
     1>c:\users\grigo\desktop\bsc games programming\year 1\magical-drop-2\cpp-sfmltemplate\main.cpp(566): warning C4244: 'argument' : conversion from 'float' to 'int', possible loss of data
     1>c:\users\grigo\desktop\bsc games programming\year 1\magical-drop-2\cpp-sfmltemplate\main.cpp(566): warning C4244: 'argument' : conversion from 'const float' to 'int', possible loss of data
     1>c:\users\grigo\desktop\bsc games programming\year 1\magical-drop-2\cpp-sfmltemplate\main.cpp(609): warning C4244: 'argument' : conversion from 'float' to 'int', possible loss of data
     1>c:\users\grigo\desktop\bsc games programming\year 1\magical-drop-2\cpp-sfmltemplate\main.cpp(609): warning C4244: 'argument' : conversion from 'const float' to 'int', possible loss of data
     1>c:\users\grigo\desktop\bsc games programming\year 1\magical-drop-2\cpp-sfmltemplate\main.cpp(660): warning C4244: 'argument' : conversion from 'int' to 'float', possible loss of data
     1>c:\users\grigo\desktop\bsc games programming\year 1\magical-drop-2\cpp-sfmltemplate\main.cpp(664): warning C4244: 'argument' : conversion from 'int' to 'float', possible loss of data
     1>c:\users\grigo\desktop\bsc games programming\year 1\magical-drop-2\cpp-sfmltemplate\main.cpp(669): warning C4244: 'argument' : conversion from 'int' to 'float', possible loss of data
     1>c:\users\grigo\desktop\bsc games programming\year 1\magical-drop-2\cpp-sfmltemplate\main.cpp(673): warning C4244: 'argument' : conversion from 'int' to 'float', possible loss of data
     1>c:\users\grigo\desktop\bsc games programming\year 1\magical-drop-2\cpp-sfmltemplate\main.cpp(682): warning C4244: 'argument' : conversion from 'unsigned int' to 'float', possible loss of data
     1>c:\users\grigo\desktop\bsc games programming\year 1\magical-drop-2\cpp-sfmltemplate\main.cpp(689): warning C4244: 'argument' : conversion from 'unsigned int' to 'float', possible loss of data
     1>c:\users\grigo\desktop\bsc games programming\year 1\magical-drop-2\cpp-sfmltemplate\main.cpp(696): warning C4244: 'argument' : conversion from 'unsigned int' to 'float', possible loss of data
     1>c:\users\grigo\desktop\bsc games programming\year 1\magical-drop-2\cpp-sfmltemplate\main.cpp(710): warning C4244: 'argument' : conversion from 'unsigned int' to 'float', possible loss of data
     1>c:\users\grigo\desktop\bsc games programming\year 1\magical-drop-2\cpp-sfmltemplate\main.cpp(724): warning C4244: 'argument' : conversion from 'unsigned int' to 'float', possible loss of data
     1>c:\users\grigo\desktop\bsc games programming\year 1\magical-drop-2\cpp-sfmltemplate\main.cpp(739): warning C4244: 'argument' : conversion from 'unsigned int' to 'float', possible loss of data
     1>c:\users\grigo\desktop\bsc games programming\year 1\magical-drop-2\cpp-sfmltemplate\main.cpp(746): warning C4244: 'argument' : conversion from 'unsigned int' to 'float', possible loss of data
     1>c:\users\grigo\desktop\bsc games programming\year 1\magical-drop-2\cpp-sfmltemplate\main.cpp(753): warning C4244: 'argument' : conversion from 'unsigned int' to 'float', possible loss of data
     1>c:\users\grigo\desktop\bsc games programming\year 1\magical-drop-2\cpp-sfmltemplate\main.cpp(767): warning C4244: 'argument' : conversion from 'unsigned int' to 'float', possible loss of data
     1>c:\users\grigo\desktop\bsc games programming\year 1\magical-drop-2\cpp-sfmltemplate\main.cpp(815): warning C4244: 'argument' : conversion from 'int' to 'float', possible loss of data
     1>c:\users\grigo\desktop\bsc games programming\year 1\magical-drop-2\cpp-sfmltemplate\main.cpp(835): warning C4244: 'argument' : conversion from 'int' to 'float', possible loss of data
     1>c:\users\grigo\desktop\bsc games programming\year 1\magical-drop-2\cpp-sfmltemplate\main.cpp(839): warning C4244: 'argument' : conversion from 'int' to 'float', possible loss of data
     1>c:\users\grigo\desktop\bsc games programming\year 1\magical-drop-2\cpp-sfmltemplate\main.cpp(844): warning C4244: 'argument' : conversion from 'int' to 'float', possible loss of data
     1>c:\users\grigo\desktop\bsc games programming\year 1\magical-drop-2\cpp-sfmltemplate\main.cpp(848): warning C4244: 'argument' : conversion from 'int' to 'float', possible loss of data
     1>c:\users\grigo\desktop\bsc games programming\year 1\magical-drop-2\cpp-sfmltemplate\main.cpp(880): warning C4244: 'argument' : conversion from 'int' to 'float', possible loss of data
     1>c:\users\grigo\desktop\bsc games programming\year 1\magical-drop-2\cpp-sfmltemplate\main.cpp(880): warning C4244: 'argument' : conversion from 'unsigned int' to 'float', possible loss of data
     1>c:\users\grigo\desktop\bsc games programming\year 1\magical-drop-2\cpp-sfmltemplate\main.cpp(888): warning C4244: 'argument' : conversion from 'unsigned int' to 'float', possible loss of data
     1>c:\users\grigo\desktop\bsc games programming\year 1\magical-drop-2\cpp-sfmltemplate\main.cpp(895): warning C4244: 'argument' : conversion from 'unsigned int' to 'float', possible loss of data
     1>c:\users\grigo\desktop\bsc games programming\year 1\magical-drop-2\cpp-sfmltemplate\main.cpp(902): warning C4244: 'argument' : conversion from 'unsigned int' to 'float', possible loss of data
     1>c:\users\grigo\desktop\bsc games programming\year 1\magical-drop-2\cpp-sfmltemplate\main.cpp(921): warning C4244: 'argument' : conversion from 'unsigned int' to 'float', possible loss of data
     1>c:\users\grigo\desktop\bsc games programming\year 1\magical-drop-2\cpp-sfmltemplate\main.cpp(948): warning C4244: 'argument' : conversion from 'unsigned int' to 'float', possible loss of data
     1>c:\users\grigo\desktop\bsc games programming\year 1\magical-drop-2\cpp-sfmltemplate\main.cpp(953): warning C4244: 'argument' : conversion from 'unsigned int' to 'float', possible loss of data
     1>c:\users\grigo\desktop\bsc games programming\year 1\magical-drop-2\cpp-sfmltemplate\main.cpp(956): warning C4244: 'argument' : conversion from 'float' to 'int', possible loss of data
     1>c:\users\grigo\desktop\bsc games programming\year 1\magical-drop-2\cpp-sfmltemplate\main.cpp(956): warning C4244: 'argument' : conversion from 'const float' to 'int', possible loss of data
     1>c:\users\grigo\desktop\bsc games programming\year 1\magical-drop-2\cpp-sfmltemplate\main.cpp(1032): warning C4244: 'argument' : conversion from 'unsigned int' to 'float', possible loss of data
     1>c:\users\grigo\desktop\bsc games programming\year 1\magical-drop-2\cpp-sfmltemplate\main.cpp(1044): warning C4244: 'argument' : conversion from 'unsigned int' to 'float', possible loss of data
     1>c:\users\grigo\desktop\bsc games programming\year 1\magical-drop-2\cpp-sfmltemplate\main.cpp(1061): warning C4244: 'argument' : conversion from 'unsigned int' to 'float', possible loss of data
     1>c:\users\grigo\desktop\bsc games programming\year 1\magical-drop-2\cpp-sfmltemplate\main.cpp(1066): warning C4244: 'argument' : conversion from 'unsigned int' to 'float', possible loss of data
     1>c:\users\grigo\desktop\bsc games programming\year 1\magical-drop-2\cpp-sfmltemplate\main.cpp(1069): warning C4244: 'argument' : conversion from 'float' to 'int', possible loss of data
     1>c:\users\grigo\desktop\bsc games programming\year 1\magical-drop-2\cpp-sfmltemplate\main.cpp(1069): warning C4244: 'argument' : conversion from 'const float' to 'int', possible loss of data
     1>c:\users\grigo\desktop\bsc games programming\year 1\magical-drop-2\cpp-sfmltemplate\main.cpp(1088): warning C4244: 'argument' : conversion from 'int' to 'float', possible loss of data
     1>c:\users\grigo\desktop\bsc games programming\year 1\magical-drop-2\cpp-sfmltemplate\main.cpp(1089): warning C4244: 'initializing' : conversion from 'float' to 'int', possible loss of data
     1>c:\users\grigo\desktop\bsc games programming\year 1\magical-drop-2\cpp-sfmltemplate\main.cpp(1090): warning C4244: 'initializing' : conversion from 'float' to 'int', possible loss of data
     1>c:\users\grigo\desktop\bsc games programming\year 1\magical-drop-2\cpp-sfmltemplate\main.cpp(1091): warning C4244: 'argument' : conversion from 'int' to 'float', possible loss of data
     1>c:\users\grigo\desktop\bsc games programming\year 1\magical-drop-2\cpp-sfmltemplate\main.cpp(1092): warning C4305: 'argument' : truncation from 'double' to 'float'
     1>c:\users\grigo\desktop\bsc games programming\year 1\magical-drop-2\cpp-sfmltemplate\main.cpp(1100): warning C4244: 'argument' : conversion from 'int' to 'float', possible loss of data
     1>c:\users\grigo\desktop\bsc games programming\year 1\magical-drop-2\cpp-sfmltemplate\main.cpp(1107): warning C4244: 'argument' : conversion from 'int' to 'float', possible loss of data
     1>c:\users\grigo\desktop\bsc games programming\year 1\magical-drop-2\cpp-sfmltemplate\main.cpp(1108): warning C4244: 'initializing' : conversion from 'float' to 'int', possible loss of data
     1>c:\users\grigo\desktop\bsc games programming\year 1\magical-drop-2\cpp-sfmltemplate\main.cpp(1109): warning C4244: 'initializing' : conversion from 'float' to 'int', possible loss of data
     1>c:\users\grigo\desktop\bsc games programming\year 1\magical-drop-2\cpp-sfmltemplate\main.cpp(1110): warning C4244: 'argument' : conversion from 'int' to 'float', possible loss of data
     1>c:\users\grigo\desktop\bsc games programming\year 1\magical-drop-2\cpp-sfmltemplate\main.cpp(1111): warning C4305: 'argument' : truncation from 'double' to 'float'
     1>c:\users\grigo\desktop\bsc games programming\year 1\magical-drop-2\cpp-sfmltemplate\main.cpp(1119): warning C4244: 'argument' : conversion from 'int' to 'float', possible loss of data
     1>c:\users\grigo\desktop\bsc games programming\year 1\magical-drop-2\cpp-sfmltemplate\main.cpp(1126): warning C4244: 'argument' : conversion from 'int' to 'float', possible loss of data
     1>c:\users\grigo\desktop\bsc games programming\year 1\magical-drop-2\cpp-sfmltemplate\main.cpp(1127): warning C4244: 'initializing' : conversion from 'float' to 'int', possible loss of data
     1>c:\users\grigo\desktop\bsc games programming\year 1\magical-drop-2\cpp-sfmltemplate\main.cpp(1128): warning C4244: 'initializing' : conversion from 'float' to 'int', possible loss of data
     1>c:\users\grigo\desktop\bsc games programming\year 1\magical-drop-2\cpp-sfmltemplate\main.cpp(1129): warning C4244: 'argument' : conversion from 'int' to 'float', possible loss of data
     1>c:\users\grigo\desktop\bsc games programming\year 1\magical-drop-2\cpp-sfmltemplate\main.cpp(1130): warning C4305: 'argument' : truncation from 'double' to 'float'
     1>c:\users\grigo\desktop\bsc games programming\year 1\magical-drop-2\cpp-sfmltemplate\main.cpp(1138): warning C4244: 'argument' : conversion from 'int' to 'float', possible loss of data
     1>c:\users\grigo\desktop\bsc games programming\year 1\magical-drop-2\cpp-sfmltemplate\main.cpp(1145): warning C4244: 'argument' : conversion from 'int' to 'float', possible loss of data
     1>c:\users\grigo\desktop\bsc games programming\year 1\magical-drop-2\cpp-sfmltemplate\main.cpp(1146): warning C4244: 'initializing' : conversion from 'float' to 'int', possible loss of data
     1>c:\users\grigo\desktop\bsc games programming\year 1\magical-drop-2\cpp-sfmltemplate\main.cpp(1147): warning C4244: 'initializing' : conversion from 'float' to 'int', possible loss of data
     1>c:\users\grigo\desktop\bsc games programming\year 1\magical-drop-2\cpp-sfmltemplate\main.cpp(1148): warning C4244: 'argument' : conversion from 'int' to 'float', possible loss of data
     1>c:\users\grigo\desktop\bsc games programming\year 1\magical-drop-2\cpp-sfmltemplate\main.cpp(1149): warning C4305: 'argument' : truncation from 'double' to 'float'
     1>c:\users\grigo\desktop\bsc games programming\year 1\magical-drop-2\cpp-sfmltemplate\main.cpp(1157): warning C4244: 'argument' : conversion from 'int' to 'float', possible loss of data
     1>c:\users\grigo\desktop\bsc games programming\year 1\magical-drop-2\cpp-sfmltemplate\main.cpp(1164): warning C4244: 'argument' : conversion from 'int' to 'float', possible loss of data
     1>c:\users\grigo\desktop\bsc games programming\year 1\magical-drop-2\cpp-sfmltemplate\main.cpp(1165): warning C4244: 'initializing' : conversion from 'float' to 'int', possible loss of data
     1>c:\users\grigo\desktop\bsc games programming\year 1\magical-drop-2\cpp-sfmltemplate\main.cpp(1166): warning C4244: 'initializing' : conversion from 'float' to 'int', possible loss of data
     1>c:\users\grigo\desktop\bsc games programming\year 1\magical-drop-2\cpp-sfmltemplate\main.cpp(1167): warning C4244: 'argument' : conversion from 'int' to 'float', possible loss of data
     1>c:\users\grigo\desktop\bsc games programming\year 1\magical-drop-2\cpp-sfmltemplate\main.cpp(1168): warning C4305: 'argument' : truncation from 'double' to 'float'
     1>c:\users\grigo\desktop\bsc games programming\year 1\magical-drop-2\cpp-sfmltemplate\main.cpp(1176): warning C4244: 'argument' : conversion from 'int' to 'float', possible loss of data
     1>c:\users\grigo\desktop\bsc games programming\year 1\magical-drop-2\cpp-sfmltemplate\main.cpp(1204): warning C4305: 'argument' : truncation from 'double' to 'float'
     1>c:\users\grigo\desktop\bsc games programming\year 1\magical-drop-2\cpp-sfmltemplate\main.cpp(1297): warning C4244: 'argument' : conversion from 'unsigned int' to 'float', possible loss of data
     1>c:\users\grigo\desktop\bsc games programming\year 1\magical-drop-2\cpp-sfmltemplate\main.cpp(1370): warning C4305: 'argument' : truncation from 'double' to 'float'
     1>c:\users\grigo\desktop\bsc games programming\year 1\magical-drop-2\cpp-sfmltemplate\main.cpp(1455): warning C4244: 'argument' : conversion from 'int' to 'float', possible loss of data
     1>c:\users\grigo\desktop\bsc games programming\year 1\magical-drop-2\cpp-sfmltemplate\main.cpp(1456): warning C4244: 'argument' : conversion from 'unsigned int' to 'float', possible loss of data
     1>c:\users\grigo\desktop\bsc games programming\year 1\magical-drop-2\cpp-sfmltemplate\main.cpp(1464): warning C4244: 'argument' : conversion from 'int' to 'float', possible loss of data
     1>c:\users\grigo\desktop\bsc games programming\year 1\magical-drop-2\cpp-sfmltemplate\main.cpp(1464): warning C4244: 'argument' : conversion from 'unsigned int' to 'float', possible loss of data
     1>c:\users\grigo\desktop\bsc games programming\year 1\magical-drop-2\cpp-sfmltemplate\main.cpp(1495): warning C4305: 'argument' : truncation from 'double' to 'float'
     1>c:\users\grigo\desktop\bsc games programming\year 1\magical-drop-2\cpp-sfmltemplate\main.cpp(1496): warning C4244: 'argument' : conversion from 'int' to 'float', possible loss of data
     1>c:\users\grigo\desktop\bsc games programming\year 1\magical-drop-2\cpp-sfmltemplate\main.cpp(1496): warning C4244: 'argument' : conversion from 'unsigned int' to 'float', possible loss of data
     1>c:\users\grigo\desktop\bsc games programming\year 1\magical-drop-2\cpp-sfmltemplate\main.cpp(1498): warning C4305: 'argument' : truncation from 'double' to 'float'
     1>c:\users\grigo\desktop\bsc games programming\year 1\magical-drop-2\cpp-sfmltemplate\main.cpp(1499): warning C4244: 'argument' : conversion from 'int' to 'float', possible loss of data
     1>c:\users\grigo\desktop\bsc games programming\year 1\magical-drop-2\cpp-sfmltemplate\main.cpp(1499): warning C4244: 'argument' : conversion from 'unsigned int' to 'float', possible loss of data
     1>c:\users\grigo\desktop\bsc games programming\year 1\magical-drop-2\cpp-sfmltemplate\main.cpp(1504): warning C4244: 'argument' : conversion from 'unsigned int' to 'float', possible loss of data
     1>c:\users\grigo\desktop\bsc games programming\year 1\magical-drop-2\cpp-sfmltemplate\main.cpp(1510): warning C4244: 'argument' : conversion from 'unsigned int' to 'float', possible loss of data
       Link:
         C:\Program Files (x86)\Microsoft Visual Studio 11.0\VC\bin\link.exe /ERRORREPORT:PROMPT /OUT:"C:\Users\grigo\Desktop\BSc Games Programming\Year 1\Magical-Drop-2\Debug\CPP-SFMLTemplate.exe" /INCREMENTAL /NOLOGO /LIBPATH:"C:\SFML v2.4.0 (Win32 - Visual Studio 2012)\lib" "sfml-system-d.lib" "sfml-graphics-d.lib" "sfml-audio-d.lib" "sfml-network-d.lib" "sfml-window-d.lib" kernel32.lib user32.lib gdi32.lib winspool.lib comdlg32.lib advapi32.lib shell32.lib ole32.lib oleaut32.lib uuid.lib odbc32.lib odbccp32.lib kernel32.lib user32.lib gdi32.lib winspool.lib comdlg32.lib advapi32.lib shell32.lib ole32.lib oleaut32.lib uuid.lib odbc32.lib odbccp32.lib /MANIFEST /MANIFESTUAC:"level='asInvoker' uiAccess='false'" /manifest:embed /DEBUG /PDB:"C:\Users\grigo\Desktop\BSc Games Programming\Year 1\Magical-Drop-2\Debug\CPP-SFMLTemplate.pdb" /SUBSYSTEM:CONSOLE /TLBID:1 /DYNAMICBASE /NXCOMPAT /IMPLIB:"C:\Users\grigo\Desktop\BSc Games Programming\Year 1\Magical-Drop-2\Debug\CPP-SFMLTemplate.lib" /MACHINE:X86 Debug\main.obj
         CPP-SFMLTemplate.vcxproj -> C:\Users\grigo\Desktop\BSc Games Programming\Year 1\Magical-Drop-2\Debug\CPP-SFMLTemplate.exe
     1>Done Building Project "C:\Users\grigo\Desktop\BSc Games Programming\Year 1\Magical-Drop-2\CPP-SFMLTemplate\CPP-SFMLTemplate.vcxproj" (Build target(s)).

Build succeeded.

Time Elapsed 00:00:08.28
